<?xml version="1.0" encoding="UTF-8" ?>
<testsuite failures="0" time="0.339" errors="0" skipped="0" tests="10" name="ca.uhn.hl7v2.hoh.encoder.Hl7OverHttpDecoderTest">
  <properties>
    <property name="java.runtime.name" value="Java(TM) SE Runtime Environment"/>
    <property name="sun.boot.library.path" value="C:\eclipse\Java\jdk1.6.0_17\jre\bin"/>
    <property name="java.vm.version" value="14.3-b01"/>
    <property name="java.vm.vendor" value="Sun Microsystems Inc."/>
    <property name="java.vendor.url" value="http://java.sun.com/"/>
    <property name="path.separator" value=";"/>
    <property name="java.vm.name" value="Java HotSpot(TM) Client VM"/>
    <property name="file.encoding.pkg" value="sun.io"/>
    <property name="user.country" value="US"/>
    <property name="sun.java.launcher" value="SUN_STANDARD"/>
    <property name="sun.os.patch.level" value="Service Pack 1"/>
    <property name="java.vm.specification.name" value="Java Virtual Machine Specification"/>
    <property name="user.dir" value="C:\eclipse\workspace\hapi-mvn-svn\hapi-hl7overhttp"/>
    <property name="java.runtime.version" value="1.6.0_17-b04"/>
    <property name="java.awt.graphicsenv" value="sun.awt.Win32GraphicsEnvironment"/>
    <property name="basedir" value="C:\eclipse\workspace\hapi-mvn-svn\hapi-hl7overhttp"/>
    <property name="java.endorsed.dirs" value="C:\eclipse\Java\jdk1.6.0_17\jre\lib\endorsed"/>
    <property name="os.arch" value="x86"/>
    <property name="surefire.real.class.path" value="C:\tmp\surefirebooter5680767024686665208.jar"/>
    <property name="java.io.tmpdir" value="C:\Users\t3903uhn\AppData\Local\Temp\"/>
    <property name="line.separator" value="
"/>
    <property name="java.vm.specification.vendor" value="Sun Microsystems Inc."/>
    <property name="user.variant" value=""/>
    <property name="os.name" value="Windows 7"/>
    <property name="sun.jnu.encoding" value="Cp1252"/>
    <property name="java.library.path" value="C:\eclipse\Java\jdk1.6.0_17\jre\bin;.;C:\Windows\Sun\Java\bin;C:\Windows\system32;C:\Windows;C:\usr\local\bin;C:\bin;C:\Program Files\CollabNet\Subversion Client;C:\Program Files\Common Files\Microsoft Shared\Windows Live;C:\Windows\system32;C:\Windows;C:\Windows\System32\Wbem;C:\Windows\System32\WindowsPowerShell\v1.0;C:\Program Files\TortoiseSVN\bin;C:\Program Files\Common Files\Microsoft Shared\Windows Live;C:\eclipse\Java\jdk1.6.0_17\bin;C:\eclipse\maven2\bin;C:\eclipse\Glassfish211\bin;C:\eclipse\apache-maven-3.0.3\bin;C:\eclipse\Java\jdk1.6.0_17\bin"/>
    <property name="surefire.test.class.path" value="C:\eclipse\workspace\hapi-mvn-svn\hapi-hl7overhttp\target\test-classes;C:\eclipse\workspace\hapi-mvn-svn\hapi-hl7overhttp\target\classes;C:\eclipse\maven2\repository\ca\uhn\hapi\hapi-base\2.1-alpha1\hapi-base-2.1-alpha1.jar;C:\eclipse\maven2\repository\org\slf4j\slf4j-api\1.6.6\slf4j-api-1.6.6.jar;C:\eclipse\maven2\repository\ca\uhn\hapi\hapi-structures-v25\2.0\hapi-structures-v25-2.0.jar;C:\eclipse\maven2\repository\org\slf4j\slf4j-log4j12\1.6.6\slf4j-log4j12-1.6.6.jar;C:\eclipse\maven2\repository\log4j\log4j\1.2.17\log4j-1.2.17.jar;C:\eclipse\maven2\repository\commons-lang\commons-lang\2.6\commons-lang-2.6.jar;C:\eclipse\maven2\repository\commons-codec\commons-codec\1.6\commons-codec-1.6.jar;C:\eclipse\maven2\repository\org\mortbay\jetty\jetty-embedded\6.1.26\jetty-embedded-6.1.26.jar;C:\eclipse\maven2\repository\org\mortbay\jetty\jetty\6.1.26\jetty-6.1.26.jar;C:\eclipse\maven2\repository\org\mortbay\jetty\jetty-util\6.1.26\jetty-util-6.1.26.jar;C:\eclipse\maven2\repository\org\mortbay\jetty\servlet-api\2.5-20081211\servlet-api-2.5-20081211.jar;C:\eclipse\maven2\repository\org\mortbay\jetty\jetty-sslengine\6.1.26\jetty-sslengine-6.1.26.jar;C:\eclipse\maven2\repository\javax\servlet\jsp\jsp-api\2.1\jsp-api-2.1.jar;C:\eclipse\maven2\repository\junit\junit\4.9\junit-4.9.jar;C:\eclipse\maven2\repository\org\hamcrest\hamcrest-core\1.1\hamcrest-core-1.1.jar;C:\eclipse\maven2\repository\org\bouncycastle\bcprov-jdk16\1.46\bcprov-jdk16-1.46.jar;C:\eclipse\maven2\repository\org\bouncycastle\bcmail-jdk16\1.46\bcmail-jdk16-1.46.jar;"/>
    <property name="java.specification.name" value="Java Platform API Specification"/>
    <property name="java.class.version" value="50.0"/>
    <property name="sun.management.compiler" value="HotSpot Client Compiler"/>
    <property name="os.version" value="6.1"/>
    <property name="user.home" value="C:\Users\t3903uhn"/>
    <property name="user.timezone" value="America/New_York"/>
    <property name="java.awt.printerjob" value="sun.awt.windows.WPrinterJob"/>
    <property name="DEBUG" value="true"/>
    <property name="java.specification.version" value="1.6"/>
    <property name="file.encoding" value="Cp1252"/>
    <property name="user.name" value="t3903uhn"/>
    <property name="java.class.path" value="C:\eclipse\workspace\hapi-mvn-svn\hapi-hl7overhttp\target\test-classes;C:\eclipse\workspace\hapi-mvn-svn\hapi-hl7overhttp\target\classes;C:\eclipse\maven2\repository\ca\uhn\hapi\hapi-base\2.1-alpha1\hapi-base-2.1-alpha1.jar;C:\eclipse\maven2\repository\org\slf4j\slf4j-api\1.6.6\slf4j-api-1.6.6.jar;C:\eclipse\maven2\repository\ca\uhn\hapi\hapi-structures-v25\2.0\hapi-structures-v25-2.0.jar;C:\eclipse\maven2\repository\org\slf4j\slf4j-log4j12\1.6.6\slf4j-log4j12-1.6.6.jar;C:\eclipse\maven2\repository\log4j\log4j\1.2.17\log4j-1.2.17.jar;C:\eclipse\maven2\repository\commons-lang\commons-lang\2.6\commons-lang-2.6.jar;C:\eclipse\maven2\repository\commons-codec\commons-codec\1.6\commons-codec-1.6.jar;C:\eclipse\maven2\repository\org\mortbay\jetty\jetty-embedded\6.1.26\jetty-embedded-6.1.26.jar;C:\eclipse\maven2\repository\org\mortbay\jetty\jetty\6.1.26\jetty-6.1.26.jar;C:\eclipse\maven2\repository\org\mortbay\jetty\jetty-util\6.1.26\jetty-util-6.1.26.jar;C:\eclipse\maven2\repository\org\mortbay\jetty\servlet-api\2.5-20081211\servlet-api-2.5-20081211.jar;C:\eclipse\maven2\repository\org\mortbay\jetty\jetty-sslengine\6.1.26\jetty-sslengine-6.1.26.jar;C:\eclipse\maven2\repository\javax\servlet\jsp\jsp-api\2.1\jsp-api-2.1.jar;C:\eclipse\maven2\repository\junit\junit\4.9\junit-4.9.jar;C:\eclipse\maven2\repository\org\hamcrest\hamcrest-core\1.1\hamcrest-core-1.1.jar;C:\eclipse\maven2\repository\org\bouncycastle\bcprov-jdk16\1.46\bcprov-jdk16-1.46.jar;C:\eclipse\maven2\repository\org\bouncycastle\bcmail-jdk16\1.46\bcmail-jdk16-1.46.jar;"/>
    <property name="java.vm.specification.version" value="1.0"/>
    <property name="sun.arch.data.model" value="32"/>
    <property name="java.home" value="C:\eclipse\Java\jdk1.6.0_17\jre"/>
    <property name="java.specification.vendor" value="Sun Microsystems Inc."/>
    <property name="user.language" value="en"/>
    <property name="awt.toolkit" value="sun.awt.windows.WToolkit"/>
    <property name="java.vm.info" value="mixed mode"/>
    <property name="java.version" value="1.6.0_17"/>
    <property name="java.ext.dirs" value="C:\eclipse\Java\jdk1.6.0_17\jre\lib\ext;C:\Windows\Sun\Java\lib\ext"/>
    <property name="sun.boot.class.path" value="C:\eclipse\Java\jdk1.6.0_17\jre\lib\resources.jar;C:\eclipse\Java\jdk1.6.0_17\jre\lib\rt.jar;C:\eclipse\Java\jdk1.6.0_17\jre\lib\sunrsasign.jar;C:\eclipse\Java\jdk1.6.0_17\jre\lib\jsse.jar;C:\eclipse\Java\jdk1.6.0_17\jre\lib\jce.jar;C:\eclipse\Java\jdk1.6.0_17\jre\lib\charsets.jar;C:\eclipse\Java\jdk1.6.0_17\jre\classes"/>
    <property name="java.vendor" value="Sun Microsystems Inc."/>
    <property name="localRepository" value="C:\eclipse\maven2\repository"/>
    <property name="file.separator" value="\"/>
    <property name="java.vendor.url.bug" value="http://java.sun.com/cgi-bin/bugreport.cgi"/>
    <property name="sun.cpu.endian" value="little"/>
    <property name="sun.io.unicode.encoding" value="UnicodeLittle"/>
    <property name="sun.desktop" value="windows"/>
    <property name="sun.cpu.isalist" value="pentium_pro+mmx pentium_pro pentium+mmx pentium i486 i386 i86"/>
  </properties>
  <testcase time="0.001" classname="ca.uhn.hl7v2.hoh.encoder.Hl7OverHttpDecoderTest" name="testDecodeFromStream"/>
  <testcase time="0.001" classname="ca.uhn.hl7v2.hoh.encoder.Hl7OverHttpDecoderTest" name="testDecodeFromStreamWithHeaderLineEndingLF"/>
  <testcase time="0" classname="ca.uhn.hl7v2.hoh.encoder.Hl7OverHttpDecoderTest" name="testDecodeFromStreamWithWeirdHeaderLineSpaces"/>
  <testcase time="0.001" classname="ca.uhn.hl7v2.hoh.encoder.Hl7OverHttpDecoderTest" name="testDecodeFromStreamWithTwoMessages"/>
  <testcase time="0" classname="ca.uhn.hl7v2.hoh.encoder.Hl7OverHttpDecoderTest" name="testDecodeFromStreamWithMultibyteSequences"/>
  <testcase time="0.018" classname="ca.uhn.hl7v2.hoh.encoder.Hl7OverHttpDecoderTest" name="testDecodeFromStreamWithCompression"/>
  <testcase time="0.003" classname="ca.uhn.hl7v2.hoh.encoder.Hl7OverHttpDecoderTest" name="testDecodeFromStreamWithMultipleMessages"/>
  <testcase time="0.101" classname="ca.uhn.hl7v2.hoh.encoder.Hl7OverHttpDecoderTest" name="testDecodeFromStreamWithPauseInTheMiddleOfMessage"/>
  <testcase time="0.101" classname="ca.uhn.hl7v2.hoh.encoder.Hl7OverHttpDecoderTest" name="testDecodeFromStreamWithPauseInStatusLine"/>
  <testcase time="0.101" classname="ca.uhn.hl7v2.hoh.encoder.Hl7OverHttpDecoderTest" name="testDecodeFromStreamWithPauseInMiddleOfHeaders"/>
</testsuite>